<?xml version="1.0" encoding="UTF-8"?>
<testng-results skipped="0" failed="0" ignored="0" total="2" passed="2">
  <reporter-output>
  </reporter-output>
  <suite name="Suite" duration-ms="4219" started-at="2020-07-02T18:23:32Z" finished-at="2020-07-02T18:23:36Z">
    <groups>
    </groups>
    <test name="Test" duration-ms="4219" started-at="2020-07-02T18:23:32Z" finished-at="2020-07-02T18:23:36Z">
      <class name="test_new.APIGetTest">
        <test-method status="PASS" signature="getAPI()[pri:0, instance:test_new.APIGetTest@1ed4004b]" name="getAPI" duration-ms="2586" started-at="2020-07-02T18:23:32Z" finished-at="2020-07-02T18:23:35Z">
          <reporter-output>
          </reporter-output>
        </test-method> <!-- getAPI -->
      </class> <!-- test_new.APIGetTest -->
      <class name="test_new.APIPostTest">
        <test-method status="PASS" signature="postAPI()[pri:0, instance:test_new.APIPostTest@ff5b51f]" name="postAPI" duration-ms="901" started-at="2020-07-02T18:23:35Z" finished-at="2020-07-02T18:23:36Z">
          <reporter-output>
          </reporter-output>
        </test-method> <!-- postAPI -->
      </class> <!-- test_new.APIPostTest -->
    </test> <!-- Test -->
  </suite> <!-- Suite -->
</testng-results>
