<?xml version="1.0" encoding="UTF-8"?>
<!-- Generated by org.testng.reporters.JUnitXMLReporter -->
<testsuite hostname="Lenovo-PC" ignored="0" name="Test" tests="3" failures="0" timestamp="01 Jul 2020 03:33:02 GMT" time="2.609" errors="0">
  <testcase name="postAPI" time="2.028" classname="test_new.APIPostTest"/>
  <testcase name="getAPI" time="0.115" classname="test_new.APIGetTest"/>
  <testcase name="getAPI" time="0.105" classname="test_new.APIGetTest_withHeaders"/>
</testsuite> <!-- Test -->
